time="2024-10-19T21:55:45+06:00" level=info msg=sda func="main.main()" file="main.go:21"
time="2024-10-19T21:56:39+06:00" level=info msg=sda func="main.main()" file="main.go:23"
{"file":"main.go:22","func":"main.main()","level":"info","msg":"Starting BetterPC 2.0 server","time":"2024-10-19T21:59:53+06:00"}
time="2024-10-19T22:00:24+06:00" level=info msg="Starting BetterPC 2.0 server" func="main.main()" file="main.go:22"
{
  "file": "main.go:22",
  "func": "main.main()",
  "level": "info",
  "msg": "Starting BetterPC 2.0 server",
  "time": "2024-10-19T22:01:22+06:00"
}
time="2024-10-19T22:03:33+06:00" level=info msg="Starting BetterPC 2.0 server" func="main.main()" file="main.go:22"
[36mINFO[0m[0000]main.go:22 main.main() Starting BetterPC 2.0 server                 
time="2024-10-19T22:04:20+06:00" level=info msg="Starting BetterPC 2.0 server" func="main.main()" file="main.go:22"
{"file":"main.go:22","func":"main.main()","level":"info","msg":"Starting BetterPC 2.0 server","time":"2024-10-19T22:04:50+06:00"}
{"file":"main.go:18","func":"main.main()","level":"info","msg":"Starting BetterPC 2.0 server","time":"2024-10-22T21:19:50+06:00"}
{"file":"main.go:22","func":"main.main()","level":"fatal","msg":"error connecting to database: error parsing uri: scheme must be \"mongodb\" or \"mongodb+srv\"","time":"2024-10-22T21:19:50+06:00"}
{"file":"main.go:19","func":"main.main()","level":"info","msg":"Starting BetterPC 2.0 server","time":"2024-10-22T21:25:50+06:00"}
{"file":"main.go:25","func":"main.main()","level":"fatal","msg":"error connecting to database: error parsing uri: scheme must be \"mongodb\" or \"mongodb+srv\"","time":"2024-10-22T21:25:50+06:00"}
{"file":"main.go:19","func":"main.main()","level":"info","msg":"Starting BetterPC 2.0 server","time":"2024-10-22T21:26:09+06:00"}
{"file":"main.go:25","func":"main.main()","level":"fatal","msg":"error connecting to database: error parsing uri: scheme must be \"mongodb\" or \"mongodb+srv\"","time":"2024-10-22T21:26:09+06:00"}
{"file":"main.go:20","func":"main.main()","level":"info","msg":"Starting BetterPC 2.0 server","time":"2024-10-22T21:26:35+06:00"}
{"file":"main.go:29","func":"main.main()","level":"fatal","msg":"error connecting to database: error parsing uri: scheme must be \"mongodb\" or \"mongodb+srv\"","time":"2024-10-22T21:26:36+06:00"}
{"file":"main.go:20","func":"main.main()","level":"info","msg":"Starting BetterPC 2.0 server","time":"2024-10-22T21:30:00+06:00"}
{"file":"main.go:18","func":"main.main()","level":"info","msg":"Starting BetterPC 2.0 server","time":"2024-10-22T21:35:20+06:00"}
{"file":"main.go:18","func":"main.main()","level":"info","msg":"Starting BetterPC 2.0 server","time":"2024-10-22T21:41:25+06:00"}
{"file":"mongodb.go:60","func":"BetterPC_2.0/internal/repository.InitCollection()","level":"info","msg":"Collection \"users\" has no documents","time":"2024-10-22T21:41:25+06:00"}
{"file":"mongodb.go:60","func":"BetterPC_2.0/internal/repository.InitCollection()","level":"info","msg":"Collection \"roles\" has no documents","time":"2024-10-22T21:41:25+06:00"}
{"file":"mongodb.go:60","func":"BetterPC_2.0/internal/repository.InitCollection()","level":"info","msg":"Collection \"users\" has no documents","time":"2024-10-22T21:41:25+06:00"}
{"file":"mongodb.go:60","func":"BetterPC_2.0/internal/repository.InitCollection()","level":"info","msg":"Collection \"roles\" has no documents","time":"2024-10-22T21:41:25+06:00"}
{"file":"main.go:18","func":"main.main()","level":"info","msg":"Starting BetterPC 2.0 server","time":"2024-10-22T21:47:28+06:00"}
{"file":"mongodb.go:60","func":"BetterPC_2.0/internal/repository.InitCollection()","level":"info","msg":"Collection \"users\" has no documents","time":"2024-10-22T21:47:28+06:00"}
{"file":"mongodb.go:60","func":"BetterPC_2.0/internal/repository.InitCollection()","level":"info","msg":"Collection \"roles\" has no documents","time":"2024-10-22T21:47:28+06:00"}
{"file":"mongodb.go:60","func":"BetterPC_2.0/internal/repository.InitCollection()","level":"info","msg":"Collection \"users\" has no documents","time":"2024-10-22T21:47:28+06:00"}
{"file":"mongodb.go:60","func":"BetterPC_2.0/internal/repository.InitCollection()","level":"info","msg":"Collection \"roles\" has no documents","time":"2024-10-22T21:47:28+06:00"}
{"file":"main.go:19","func":"main.main()","level":"info","msg":"Starting BetterPC 2.0 server","time":"2024-10-22T21:48:59+06:00"}
{"file":"mongodb.go:60","func":"BetterPC_2.0/internal/repository.InitCollection()","level":"info","msg":"Collection \"users\" has no documents","time":"2024-10-22T21:48:59+06:00"}
{"file":"mongodb.go:60","func":"BetterPC_2.0/internal/repository.InitCollection()","level":"info","msg":"Collection \"roles\" has no documents","time":"2024-10-22T21:48:59+06:00"}
{"file":"mongodb.go:60","func":"BetterPC_2.0/internal/repository.InitCollection()","level":"info","msg":"Collection \"users\" has no documents","time":"2024-10-22T21:48:59+06:00"}
{"file":"mongodb.go:60","func":"BetterPC_2.0/internal/repository.InitCollection()","level":"info","msg":"Collection \"roles\" has no documents","time":"2024-10-22T21:48:59+06:00"}
{"file":"main.go:19","func":"main.main()","level":"info","msg":"Starting BetterPC 2.0 server","time":"2024-10-22T21:49:57+06:00"}
{"file":"mongodb.go:60","func":"BetterPC_2.0/internal/repository.InitCollection()","level":"info","msg":"Collection \"users\" has no documents","time":"2024-10-22T21:49:57+06:00"}
{"file":"mongodb.go:60","func":"BetterPC_2.0/internal/repository.InitCollection()","level":"info","msg":"Collection \"roles\" has no documents","time":"2024-10-22T21:49:57+06:00"}
{"file":"mongodb.go:60","func":"BetterPC_2.0/internal/repository.InitCollection()","level":"info","msg":"Collection \"cpu\" has no documents","time":"2024-10-22T21:49:57+06:00"}
{"file":"mongodb.go:60","func":"BetterPC_2.0/internal/repository.InitCollection()","level":"info","msg":"Collection \"motherboard\" has no documents","time":"2024-10-22T21:49:57+06:00"}
{"file":"mongodb.go:60","func":"BetterPC_2.0/internal/repository.InitCollection()","level":"info","msg":"Collection \"ram\" has no documents","time":"2024-10-22T21:49:57+06:00"}
{"file":"mongodb.go:60","func":"BetterPC_2.0/internal/repository.InitCollection()","level":"info","msg":"Collection \"ssd\" has no documents","time":"2024-10-22T21:49:57+06:00"}
{"file":"mongodb.go:60","func":"BetterPC_2.0/internal/repository.InitCollection()","level":"info","msg":"Collection \"hdd\" has no documents","time":"2024-10-22T21:49:57+06:00"}
{"file":"mongodb.go:60","func":"BetterPC_2.0/internal/repository.InitCollection()","level":"info","msg":"Collection \"cooling\" has no documents","time":"2024-10-22T21:49:57+06:00"}
{"file":"mongodb.go:60","func":"BetterPC_2.0/internal/repository.InitCollection()","level":"info","msg":"Collection \"powersupply\" has no documents","time":"2024-10-22T21:49:57+06:00"}
{"file":"mongodb.go:60","func":"BetterPC_2.0/internal/repository.InitCollection()","level":"info","msg":"Collection \"gpu\" has no documents","time":"2024-10-22T21:49:57+06:00"}
{"file":"mongodb.go:60","func":"BetterPC_2.0/internal/repository.InitCollection()","level":"info","msg":"Collection \"housing\" has no documents","time":"2024-10-22T21:49:57+06:00"}
{"file":"mongodb.go:60","func":"BetterPC_2.0/internal/repository.InitCollection()","level":"info","msg":"Collection \"orders\" has no documents","time":"2024-10-22T21:49:57+06:00"}
{"file":"main.go:19","func":"main.main()","level":"info","msg":"Starting BetterPC 2.0 server","time":"2024-10-22T21:50:56+06:00"}
{"file":"mongodb.go:62","func":"BetterPC_2.0/internal/repository.InitCollection()","level":"info","msg":"Collection \"users\" has no documents","time":"2024-10-22T21:50:56+06:00"}
{"file":"mongodb.go:62","func":"BetterPC_2.0/internal/repository.InitCollection()","level":"info","msg":"Collection \"roles\" has no documents","time":"2024-10-22T21:50:56+06:00"}
{"file":"mongodb.go:62","func":"BetterPC_2.0/internal/repository.InitCollection()","level":"info","msg":"Collection \"cpu\" has no documents","time":"2024-10-22T21:50:56+06:00"}
{"file":"mongodb.go:62","func":"BetterPC_2.0/internal/repository.InitCollection()","level":"info","msg":"Collection \"motherboard\" has no documents","time":"2024-10-22T21:50:56+06:00"}
{"file":"mongodb.go:62","func":"BetterPC_2.0/internal/repository.InitCollection()","level":"info","msg":"Collection \"ram\" has no documents","time":"2024-10-22T21:50:56+06:00"}
{"file":"mongodb.go:62","func":"BetterPC_2.0/internal/repository.InitCollection()","level":"info","msg":"Collection \"ssd\" has no documents","time":"2024-10-22T21:50:56+06:00"}
{"file":"mongodb.go:62","func":"BetterPC_2.0/internal/repository.InitCollection()","level":"info","msg":"Collection \"hdd\" has no documents","time":"2024-10-22T21:50:56+06:00"}
{"file":"mongodb.go:62","func":"BetterPC_2.0/internal/repository.InitCollection()","level":"info","msg":"Collection \"cooling\" has no documents","time":"2024-10-22T21:50:56+06:00"}
{"file":"mongodb.go:62","func":"BetterPC_2.0/internal/repository.InitCollection()","level":"info","msg":"Collection \"powersupply\" has no documents","time":"2024-10-22T21:50:56+06:00"}
{"file":"mongodb.go:62","func":"BetterPC_2.0/internal/repository.InitCollection()","level":"info","msg":"Collection \"gpu\" has no documents","time":"2024-10-22T21:50:56+06:00"}
{"file":"mongodb.go:62","func":"BetterPC_2.0/internal/repository.InitCollection()","level":"info","msg":"Collection \"housing\" has no documents","time":"2024-10-22T21:50:56+06:00"}
{"file":"mongodb.go:62","func":"BetterPC_2.0/internal/repository.InitCollection()","level":"info","msg":"Collection \"orders\" has no documents","time":"2024-10-22T21:50:56+06:00"}
{"file":"main.go:19","func":"main.main()","level":"info","msg":"Starting BetterPC 2.0 server","time":"2024-10-26T21:42:18+06:00"}
{"file":"mongodb.go:62","func":"BetterPC_2.0/internal/repository.InitCollection()","level":"info","msg":"Collection \"users\" has no documents","time":"2024-10-26T21:42:18+06:00"}
{"file":"mongodb.go:62","func":"BetterPC_2.0/internal/repository.InitCollection()","level":"info","msg":"Collection \"roles\" has no documents","time":"2024-10-26T21:42:18+06:00"}
{"file":"mongodb.go:62","func":"BetterPC_2.0/internal/repository.InitCollection()","level":"info","msg":"Collection \"cpu\" has no documents","time":"2024-10-26T21:42:18+06:00"}
{"file":"mongodb.go:62","func":"BetterPC_2.0/internal/repository.InitCollection()","level":"info","msg":"Collection \"motherboard\" has no documents","time":"2024-10-26T21:42:18+06:00"}
{"file":"mongodb.go:62","func":"BetterPC_2.0/internal/repository.InitCollection()","level":"info","msg":"Collection \"ram\" has no documents","time":"2024-10-26T21:42:18+06:00"}
{"file":"mongodb.go:62","func":"BetterPC_2.0/internal/repository.InitCollection()","level":"info","msg":"Collection \"ssd\" has no documents","time":"2024-10-26T21:42:18+06:00"}
{"file":"mongodb.go:62","func":"BetterPC_2.0/internal/repository.InitCollection()","level":"info","msg":"Collection \"hdd\" has no documents","time":"2024-10-26T21:42:18+06:00"}
{"file":"mongodb.go:62","func":"BetterPC_2.0/internal/repository.InitCollection()","level":"info","msg":"Collection \"cooling\" has no documents","time":"2024-10-26T21:42:18+06:00"}
{"file":"mongodb.go:62","func":"BetterPC_2.0/internal/repository.InitCollection()","level":"info","msg":"Collection \"powersupply\" has no documents","time":"2024-10-26T21:42:18+06:00"}
{"file":"mongodb.go:62","func":"BetterPC_2.0/internal/repository.InitCollection()","level":"info","msg":"Collection \"gpu\" has no documents","time":"2024-10-26T21:42:18+06:00"}
{"file":"mongodb.go:62","func":"BetterPC_2.0/internal/repository.InitCollection()","level":"info","msg":"Collection \"housing\" has no documents","time":"2024-10-26T21:42:18+06:00"}
{"file":"mongodb.go:62","func":"BetterPC_2.0/internal/repository.InitCollection()","level":"info","msg":"Collection \"orders\" has no documents","time":"2024-10-26T21:42:18+06:00"}
{"file":"main.go:19","func":"main.main()","level":"info","msg":"Starting BetterPC 2.0 server","time":"2024-10-26T21:43:53+06:00"}
{"file":"mongodb.go:62","func":"BetterPC_2.0/internal/repository.InitCollection()","level":"info","msg":"Collection \"users\" has no documents","time":"2024-10-26T21:43:53+06:00"}
{"file":"mongodb.go:62","func":"BetterPC_2.0/internal/repository.InitCollection()","level":"info","msg":"Collection \"roles\" has no documents","time":"2024-10-26T21:43:53+06:00"}
{"file":"mongodb.go:62","func":"BetterPC_2.0/internal/repository.InitCollection()","level":"info","msg":"Collection \"cpu\" has no documents","time":"2024-10-26T21:43:53+06:00"}
{"file":"mongodb.go:62","func":"BetterPC_2.0/internal/repository.InitCollection()","level":"info","msg":"Collection \"motherboard\" has no documents","time":"2024-10-26T21:43:53+06:00"}
{"file":"mongodb.go:62","func":"BetterPC_2.0/internal/repository.InitCollection()","level":"info","msg":"Collection \"ram\" has no documents","time":"2024-10-26T21:43:53+06:00"}
{"file":"mongodb.go:62","func":"BetterPC_2.0/internal/repository.InitCollection()","level":"info","msg":"Collection \"ssd\" has no documents","time":"2024-10-26T21:43:53+06:00"}
{"file":"mongodb.go:62","func":"BetterPC_2.0/internal/repository.InitCollection()","level":"info","msg":"Collection \"hdd\" has no documents","time":"2024-10-26T21:43:53+06:00"}
{"file":"mongodb.go:62","func":"BetterPC_2.0/internal/repository.InitCollection()","level":"info","msg":"Collection \"cooling\" has no documents","time":"2024-10-26T21:43:53+06:00"}
{"file":"mongodb.go:62","func":"BetterPC_2.0/internal/repository.InitCollection()","level":"info","msg":"Collection \"powersupply\" has no documents","time":"2024-10-26T21:43:53+06:00"}
{"file":"mongodb.go:62","func":"BetterPC_2.0/internal/repository.InitCollection()","level":"info","msg":"Collection \"gpu\" has no documents","time":"2024-10-26T21:43:53+06:00"}
{"file":"mongodb.go:62","func":"BetterPC_2.0/internal/repository.InitCollection()","level":"info","msg":"Collection \"housing\" has no documents","time":"2024-10-26T21:43:53+06:00"}
{"file":"mongodb.go:62","func":"BetterPC_2.0/internal/repository.InitCollection()","level":"info","msg":"Collection \"orders\" has no documents","time":"2024-10-26T21:43:53+06:00"}
{"file":"main.go:18","func":"main.main()","level":"info","msg":"Starting BetterPC 2.0 server","time":"2024-10-26T21:49:53+06:00"}
{"file":"mongodb.go:62","func":"BetterPC_2.0/internal/repository.InitCollection()","level":"info","msg":"Collection \"users\" has no documents","time":"2024-10-26T21:49:53+06:00"}
{"file":"mongodb.go:62","func":"BetterPC_2.0/internal/repository.InitCollection()","level":"info","msg":"Collection \"roles\" has no documents","time":"2024-10-26T21:49:53+06:00"}
{"file":"mongodb.go:62","func":"BetterPC_2.0/internal/repository.InitCollection()","level":"info","msg":"Collection \"cpu\" has no documents","time":"2024-10-26T21:49:53+06:00"}
{"file":"mongodb.go:62","func":"BetterPC_2.0/internal/repository.InitCollection()","level":"info","msg":"Collection \"motherboard\" has no documents","time":"2024-10-26T21:49:53+06:00"}
{"file":"mongodb.go:62","func":"BetterPC_2.0/internal/repository.InitCollection()","level":"info","msg":"Collection \"ram\" has no documents","time":"2024-10-26T21:49:53+06:00"}
{"file":"mongodb.go:62","func":"BetterPC_2.0/internal/repository.InitCollection()","level":"info","msg":"Collection \"ssd\" has no documents","time":"2024-10-26T21:49:53+06:00"}
{"file":"mongodb.go:62","func":"BetterPC_2.0/internal/repository.InitCollection()","level":"info","msg":"Collection \"hdd\" has no documents","time":"2024-10-26T21:49:53+06:00"}
{"file":"mongodb.go:62","func":"BetterPC_2.0/internal/repository.InitCollection()","level":"info","msg":"Collection \"cooling\" has no documents","time":"2024-10-26T21:49:53+06:00"}
{"file":"mongodb.go:62","func":"BetterPC_2.0/internal/repository.InitCollection()","level":"info","msg":"Collection \"powersupply\" has no documents","time":"2024-10-26T21:49:53+06:00"}
{"file":"mongodb.go:62","func":"BetterPC_2.0/internal/repository.InitCollection()","level":"info","msg":"Collection \"gpu\" has no documents","time":"2024-10-26T21:49:53+06:00"}
{"file":"mongodb.go:62","func":"BetterPC_2.0/internal/repository.InitCollection()","level":"info","msg":"Collection \"housing\" has no documents","time":"2024-10-26T21:49:53+06:00"}
{"file":"mongodb.go:62","func":"BetterPC_2.0/internal/repository.InitCollection()","level":"info","msg":"Collection \"orders\" has no documents","time":"2024-10-26T21:49:53+06:00"}
